<?xml version="1.0" encoding="UTF-8"?>
<testsuite xmlns:xsi="http://www.w3.org/2001/XMLSchema-instance" xsi:noNamespaceSchemaLocation="https://maven.apache.org/surefire/maven-surefire-plugin/xsd/surefire-test-report.xsd" name="tk.snow.tunnel.CvprApisApplicationTests" time="2.562" tests="1" errors="0" skipped="0" failures="0">
  <properties>
    <property name="sun.desktop" value="windows"/>
    <property name="awt.toolkit" value="sun.awt.windows.WToolkit"/>
    <property name="file.encoding.pkg" value="sun.io"/>
    <property name="java.specification.version" value="1.8"/>
    <property name="sun.cpu.isalist" value="amd64"/>
    <property name="sun.jnu.encoding" value="GBK"/>
    <property name="java.class.path" value="E:\IdeaProjects\Tunnel\target\test-classes;E:\IdeaProjects\Tunnel\target\classes;D:\Enviroment\maven\mavenRepo\org\springframework\boot\spring-boot-starter-jdbc\2.5.6\spring-boot-starter-jdbc-2.5.6.jar;D:\Enviroment\maven\mavenRepo\org\springframework\boot\spring-boot-starter\2.5.6\spring-boot-starter-2.5.6.jar;D:\Enviroment\maven\mavenRepo\org\springframework\boot\spring-boot-starter-logging\2.5.6\spring-boot-starter-logging-2.5.6.jar;D:\Enviroment\maven\mavenRepo\ch\qos\logback\logback-classic\1.2.6\logback-classic-1.2.6.jar;D:\Enviroment\maven\mavenRepo\ch\qos\logback\logback-core\1.2.6\logback-core-1.2.6.jar;D:\Enviroment\maven\mavenRepo\org\apache\logging\log4j\log4j-to-slf4j\2.14.1\log4j-to-slf4j-2.14.1.jar;D:\Enviroment\maven\mavenRepo\org\apache\logging\log4j\log4j-api\2.14.1\log4j-api-2.14.1.jar;D:\Enviroment\maven\mavenRepo\org\slf4j\jul-to-slf4j\1.7.32\jul-to-slf4j-1.7.32.jar;D:\Enviroment\maven\mavenRepo\org\yaml\snakeyaml\1.28\snakeyaml-1.28.jar;D:\Enviroment\maven\mavenRepo\com\zaxxer\HikariCP\4.0.3\HikariCP-4.0.3.jar;D:\Enviroment\maven\mavenRepo\org\springframework\spring-jdbc\5.3.12\spring-jdbc-5.3.12.jar;D:\Enviroment\maven\mavenRepo\org\springframework\spring-beans\5.3.12\spring-beans-5.3.12.jar;D:\Enviroment\maven\mavenRepo\org\springframework\spring-tx\5.3.12\spring-tx-5.3.12.jar;D:\Enviroment\maven\mavenRepo\org\springframework\boot\spring-boot-starter-thymeleaf\2.5.6\spring-boot-starter-thymeleaf-2.5.6.jar;D:\Enviroment\maven\mavenRepo\org\thymeleaf\thymeleaf-spring5\3.0.12.RELEASE\thymeleaf-spring5-3.0.12.RELEASE.jar;D:\Enviroment\maven\mavenRepo\org\thymeleaf\thymeleaf\3.0.12.RELEASE\thymeleaf-3.0.12.RELEASE.jar;D:\Enviroment\maven\mavenRepo\org\attoparser\attoparser\2.0.5.RELEASE\attoparser-2.0.5.RELEASE.jar;D:\Enviroment\maven\mavenRepo\org\unbescape\unbescape\1.1.6.RELEASE\unbescape-1.1.6.RELEASE.jar;D:\Enviroment\maven\mavenRepo\org\thymeleaf\extras\thymeleaf-extras-java8time\3.0.4.RELEASE\thymeleaf-extras-java8time-3.0.4.RELEASE.jar;D:\Enviroment\maven\mavenRepo\org\springframework\boot\spring-boot-starter-web\2.5.6\spring-boot-starter-web-2.5.6.jar;D:\Enviroment\maven\mavenRepo\org\springframework\boot\spring-boot-starter-json\2.5.6\spring-boot-starter-json-2.5.6.jar;D:\Enviroment\maven\mavenRepo\com\fasterxml\jackson\core\jackson-databind\2.12.5\jackson-databind-2.12.5.jar;D:\Enviroment\maven\mavenRepo\com\fasterxml\jackson\core\jackson-core\2.12.5\jackson-core-2.12.5.jar;D:\Enviroment\maven\mavenRepo\com\fasterxml\jackson\datatype\jackson-datatype-jdk8\2.12.5\jackson-datatype-jdk8-2.12.5.jar;D:\Enviroment\maven\mavenRepo\com\fasterxml\jackson\datatype\jackson-datatype-jsr310\2.12.5\jackson-datatype-jsr310-2.12.5.jar;D:\Enviroment\maven\mavenRepo\com\fasterxml\jackson\module\jackson-module-parameter-names\2.12.5\jackson-module-parameter-names-2.12.5.jar;D:\Enviroment\maven\mavenRepo\org\springframework\spring-web\5.3.12\spring-web-5.3.12.jar;D:\Enviroment\maven\mavenRepo\org\springframework\spring-webmvc\5.3.12\spring-webmvc-5.3.12.jar;D:\Enviroment\maven\mavenRepo\org\springframework\spring-aop\5.3.12\spring-aop-5.3.12.jar;D:\Enviroment\maven\mavenRepo\org\springframework\spring-context\5.3.12\spring-context-5.3.12.jar;D:\Enviroment\maven\mavenRepo\org\springframework\spring-expression\5.3.12\spring-expression-5.3.12.jar;D:\Enviroment\maven\mavenRepo\com\baomidou\mybatis-plus-boot-starter\3.0.3\mybatis-plus-boot-starter-3.0.3.jar;D:\Enviroment\maven\mavenRepo\com\baomidou\mybatis-plus\3.0.3\mybatis-plus-3.0.3.jar;D:\Enviroment\maven\mavenRepo\com\baomidou\mybatis-plus-extension\3.0.3\mybatis-plus-extension-3.0.3.jar;D:\Enviroment\maven\mavenRepo\com\baomidou\mybatis-plus-core\3.0.3\mybatis-plus-core-3.0.3.jar;D:\Enviroment\maven\mavenRepo\com\baomidou\mybatis-plus-annotation\3.0.3\mybatis-plus-annotation-3.0.3.jar;D:\Enviroment\maven\mavenRepo\com\baomidou\mybatis-plus-generator\3.0.3\mybatis-plus-generator-3.0.3.jar;D:\Enviroment\maven\mavenRepo\org\springframework\boot\spring-boot-autoconfigure\2.5.6\spring-boot-autoconfigure-2.5.6.jar;D:\Enviroment\maven\mavenRepo\org\springframework\boot\spring-boot-configuration-processor\2.5.6\spring-boot-configuration-processor-2.5.6.jar;D:\Enviroment\maven\mavenRepo\org\mybatis\spring\boot\mybatis-spring-boot-starter\2.1.4\mybatis-spring-boot-starter-2.1.4.jar;D:\Enviroment\maven\mavenRepo\org\mybatis\spring\boot\mybatis-spring-boot-autoconfigure\2.1.4\mybatis-spring-boot-autoconfigure-2.1.4.jar;D:\Enviroment\maven\mavenRepo\org\mybatis\mybatis\3.5.6\mybatis-3.5.6.jar;D:\Enviroment\maven\mavenRepo\org\mybatis\mybatis-spring\2.0.6\mybatis-spring-2.0.6.jar;D:\Enviroment\maven\mavenRepo\com\github\pagehelper\pagehelper-spring-boot-starter\1.2.10\pagehelper-spring-boot-starter-1.2.10.jar;D:\Enviroment\maven\mavenRepo\com\github\pagehelper\pagehelper-spring-boot-autoconfigure\1.2.10\pagehelper-spring-boot-autoconfigure-1.2.10.jar;D:\Enviroment\maven\mavenRepo\com\github\pagehelper\pagehelper\5.1.8\pagehelper-5.1.8.jar;D:\Enviroment\maven\mavenRepo\com\github\jsqlparser\jsqlparser\1.2\jsqlparser-1.2.jar;D:\Enviroment\maven\mavenRepo\org\springframework\boot\spring-boot-devtools\2.5.6\spring-boot-devtools-2.5.6.jar;D:\Enviroment\maven\mavenRepo\org\springframework\boot\spring-boot\2.5.6\spring-boot-2.5.6.jar;D:\Enviroment\maven\mavenRepo\mysql\mysql-connector-java\8.0.27\mysql-connector-java-8.0.27.jar;D:\Enviroment\maven\mavenRepo\org\projectlombok\lombok\1.18.22\lombok-1.18.22.jar;D:\Enviroment\maven\mavenRepo\org\springframework\boot\spring-boot-starter-tomcat\2.5.6\spring-boot-starter-tomcat-2.5.6.jar;D:\Enviroment\maven\mavenRepo\jakarta\annotation\jakarta.annotation-api\1.3.5\jakarta.annotation-api-1.3.5.jar;D:\Enviroment\maven\mavenRepo\org\apache\tomcat\embed\tomcat-embed-core\9.0.54\tomcat-embed-core-9.0.54.jar;D:\Enviroment\maven\mavenRepo\org\apache\tomcat\embed\tomcat-embed-el\9.0.54\tomcat-embed-el-9.0.54.jar;D:\Enviroment\maven\mavenRepo\org\apache\tomcat\embed\tomcat-embed-websocket\9.0.54\tomcat-embed-websocket-9.0.54.jar;D:\Enviroment\maven\mavenRepo\org\springframework\boot\spring-boot-starter-test\2.5.6\spring-boot-starter-test-2.5.6.jar;D:\Enviroment\maven\mavenRepo\org\springframework\boot\spring-boot-test\2.5.6\spring-boot-test-2.5.6.jar;D:\Enviroment\maven\mavenRepo\org\springframework\boot\spring-boot-test-autoconfigure\2.5.6\spring-boot-test-autoconfigure-2.5.6.jar;D:\Enviroment\maven\mavenRepo\com\jayway\jsonpath\json-path\2.5.0\json-path-2.5.0.jar;D:\Enviroment\maven\mavenRepo\net\minidev\json-smart\2.4.7\json-smart-2.4.7.jar;D:\Enviroment\maven\mavenRepo\net\minidev\accessors-smart\2.4.7\accessors-smart-2.4.7.jar;D:\Enviroment\maven\mavenRepo\org\ow2\asm\asm\9.1\asm-9.1.jar;D:\Enviroment\maven\mavenRepo\jakarta\xml\bind\jakarta.xml.bind-api\2.3.3\jakarta.xml.bind-api-2.3.3.jar;D:\Enviroment\maven\mavenRepo\jakarta\activation\jakarta.activation-api\1.2.2\jakarta.activation-api-1.2.2.jar;D:\Enviroment\maven\mavenRepo\org\assertj\assertj-core\3.19.0\assertj-core-3.19.0.jar;D:\Enviroment\maven\mavenRepo\org\hamcrest\hamcrest\2.2\hamcrest-2.2.jar;D:\Enviroment\maven\mavenRepo\org\junit\jupiter\junit-jupiter\5.7.2\junit-jupiter-5.7.2.jar;D:\Enviroment\maven\mavenRepo\org\junit\jupiter\junit-jupiter-api\5.7.2\junit-jupiter-api-5.7.2.jar;D:\Enviroment\maven\mavenRepo\org\apiguardian\apiguardian-api\1.1.0\apiguardian-api-1.1.0.jar;D:\Enviroment\maven\mavenRepo\org\opentest4j\opentest4j\1.2.0\opentest4j-1.2.0.jar;D:\Enviroment\maven\mavenRepo\org\junit\platform\junit-platform-commons\1.7.2\junit-platform-commons-1.7.2.jar;D:\Enviroment\maven\mavenRepo\org\junit\jupiter\junit-jupiter-params\5.7.2\junit-jupiter-params-5.7.2.jar;D:\Enviroment\maven\mavenRepo\org\junit\jupiter\junit-jupiter-engine\5.7.2\junit-jupiter-engine-5.7.2.jar;D:\Enviroment\maven\mavenRepo\org\junit\platform\junit-platform-engine\1.7.2\junit-platform-engine-1.7.2.jar;D:\Enviroment\maven\mavenRepo\org\mockito\mockito-core\3.9.0\mockito-core-3.9.0.jar;D:\Enviroment\maven\mavenRepo\net\bytebuddy\byte-buddy\1.10.22\byte-buddy-1.10.22.jar;D:\Enviroment\maven\mavenRepo\net\bytebuddy\byte-buddy-agent\1.10.22\byte-buddy-agent-1.10.22.jar;D:\Enviroment\maven\mavenRepo\org\objenesis\objenesis\3.2\objenesis-3.2.jar;D:\Enviroment\maven\mavenRepo\org\mockito\mockito-junit-jupiter\3.9.0\mockito-junit-jupiter-3.9.0.jar;D:\Enviroment\maven\mavenRepo\org\skyscreamer\jsonassert\1.5.0\jsonassert-1.5.0.jar;D:\Enviroment\maven\mavenRepo\com\vaadin\external\google\android-json\0.0.20131108.vaadin1\android-json-0.0.20131108.vaadin1.jar;D:\Enviroment\maven\mavenRepo\org\springframework\spring-core\5.3.12\spring-core-5.3.12.jar;D:\Enviroment\maven\mavenRepo\org\springframework\spring-jcl\5.3.12\spring-jcl-5.3.12.jar;D:\Enviroment\maven\mavenRepo\org\springframework\spring-test\5.3.12\spring-test-5.3.12.jar;D:\Enviroment\maven\mavenRepo\org\xmlunit\xmlunit-core\2.8.3\xmlunit-core-2.8.3.jar;D:\Enviroment\maven\mavenRepo\com\alibaba\fastjson\1.2.75\fastjson-1.2.75.jar;D:\Enviroment\maven\mavenRepo\io\springfox\springfox-swagger2\2.9.2\springfox-swagger2-2.9.2.jar;D:\Enviroment\maven\mavenRepo\io\swagger\swagger-annotations\1.5.20\swagger-annotations-1.5.20.jar;D:\Enviroment\maven\mavenRepo\io\swagger\swagger-models\1.5.20\swagger-models-1.5.20.jar;D:\Enviroment\maven\mavenRepo\com\fasterxml\jackson\core\jackson-annotations\2.12.5\jackson-annotations-2.12.5.jar;D:\Enviroment\maven\mavenRepo\io\springfox\springfox-spi\2.9.2\springfox-spi-2.9.2.jar;D:\Enviroment\maven\mavenRepo\io\springfox\springfox-core\2.9.2\springfox-core-2.9.2.jar;D:\Enviroment\maven\mavenRepo\io\springfox\springfox-schema\2.9.2\springfox-schema-2.9.2.jar;D:\Enviroment\maven\mavenRepo\io\springfox\springfox-swagger-common\2.9.2\springfox-swagger-common-2.9.2.jar;D:\Enviroment\maven\mavenRepo\io\springfox\springfox-spring-web\2.9.2\springfox-spring-web-2.9.2.jar;D:\Enviroment\maven\mavenRepo\com\google\guava\guava\20.0\guava-20.0.jar;D:\Enviroment\maven\mavenRepo\com\fasterxml\classmate\1.5.1\classmate-1.5.1.jar;D:\Enviroment\maven\mavenRepo\org\slf4j\slf4j-api\1.7.32\slf4j-api-1.7.32.jar;D:\Enviroment\maven\mavenRepo\org\springframework\plugin\spring-plugin-core\1.2.0.RELEASE\spring-plugin-core-1.2.0.RELEASE.jar;D:\Enviroment\maven\mavenRepo\org\springframework\plugin\spring-plugin-metadata\1.2.0.RELEASE\spring-plugin-metadata-1.2.0.RELEASE.jar;D:\Enviroment\maven\mavenRepo\org\mapstruct\mapstruct\1.2.0.Final\mapstruct-1.2.0.Final.jar;D:\Enviroment\maven\mavenRepo\io\springfox\springfox-swagger-ui\2.9.2\springfox-swagger-ui-2.9.2.jar;D:\Enviroment\maven\mavenRepo\org\apache\poi\poi\3.9\poi-3.9.jar;D:\Enviroment\maven\mavenRepo\commons-codec\commons-codec\1.15\commons-codec-1.15.jar;D:\Enviroment\maven\mavenRepo\org\apache\poi\poi-ooxml\3.9\poi-ooxml-3.9.jar;D:\Enviroment\maven\mavenRepo\org\apache\poi\poi-ooxml-schemas\3.9\poi-ooxml-schemas-3.9.jar;D:\Enviroment\maven\mavenRepo\org\apache\xmlbeans\xmlbeans\2.3.0\xmlbeans-2.3.0.jar;D:\Enviroment\maven\mavenRepo\stax\stax-api\1.0.1\stax-api-1.0.1.jar;D:\Enviroment\maven\mavenRepo\dom4j\dom4j\1.6.1\dom4j-1.6.1.jar;D:\Enviroment\maven\mavenRepo\xml-apis\xml-apis\1.0.b2\xml-apis-1.0.b2.jar;D:\Enviroment\maven\mavenRepo\org\jumpmind\symmetric\symmetric-csv\3.5.19\symmetric-csv-3.5.19.jar;D:\Enviroment\maven\mavenRepo\joda-time\joda-time\2.10.1\joda-time-2.10.1.jar;"/>
    <property name="java.vm.vendor" value="Oracle Corporation"/>
    <property name="sun.arch.data.model" value="64"/>
    <property name="user.variant" value=""/>
    <property name="java.vendor.url" value="http://java.oracle.com/"/>
    <property name="user.timezone" value="Asia/Shanghai"/>
    <property name="java.vm.specification.version" value="1.8"/>
    <property name="os.name" value="Windows 11"/>
    <property name="user.country" value="CN"/>
    <property name="sun.java.launcher" value="SUN_STANDARD"/>
    <property name="sun.boot.library.path" value="D:\Enviroment\JDK1.8\jre\bin"/>
    <property name="sun.java.command" value="C:\Users\long\AppData\Local\Temp\surefire1285187077603257337\surefirebooter2295447606508749870.jar C:\Users\long\AppData\Local\Temp\surefire1285187077603257337 2022-04-14T21-45-11_079-jvmRun1 surefire8825142660464028184tmp surefire_05946432681436506701tmp"/>
    <property name="surefire.test.class.path" value="E:\IdeaProjects\Tunnel\target\test-classes;E:\IdeaProjects\Tunnel\target\classes;D:\Enviroment\maven\mavenRepo\org\springframework\boot\spring-boot-starter-jdbc\2.5.6\spring-boot-starter-jdbc-2.5.6.jar;D:\Enviroment\maven\mavenRepo\org\springframework\boot\spring-boot-starter\2.5.6\spring-boot-starter-2.5.6.jar;D:\Enviroment\maven\mavenRepo\org\springframework\boot\spring-boot-starter-logging\2.5.6\spring-boot-starter-logging-2.5.6.jar;D:\Enviroment\maven\mavenRepo\ch\qos\logback\logback-classic\1.2.6\logback-classic-1.2.6.jar;D:\Enviroment\maven\mavenRepo\ch\qos\logback\logback-core\1.2.6\logback-core-1.2.6.jar;D:\Enviroment\maven\mavenRepo\org\apache\logging\log4j\log4j-to-slf4j\2.14.1\log4j-to-slf4j-2.14.1.jar;D:\Enviroment\maven\mavenRepo\org\apache\logging\log4j\log4j-api\2.14.1\log4j-api-2.14.1.jar;D:\Enviroment\maven\mavenRepo\org\slf4j\jul-to-slf4j\1.7.32\jul-to-slf4j-1.7.32.jar;D:\Enviroment\maven\mavenRepo\org\yaml\snakeyaml\1.28\snakeyaml-1.28.jar;D:\Enviroment\maven\mavenRepo\com\zaxxer\HikariCP\4.0.3\HikariCP-4.0.3.jar;D:\Enviroment\maven\mavenRepo\org\springframework\spring-jdbc\5.3.12\spring-jdbc-5.3.12.jar;D:\Enviroment\maven\mavenRepo\org\springframework\spring-beans\5.3.12\spring-beans-5.3.12.jar;D:\Enviroment\maven\mavenRepo\org\springframework\spring-tx\5.3.12\spring-tx-5.3.12.jar;D:\Enviroment\maven\mavenRepo\org\springframework\boot\spring-boot-starter-thymeleaf\2.5.6\spring-boot-starter-thymeleaf-2.5.6.jar;D:\Enviroment\maven\mavenRepo\org\thymeleaf\thymeleaf-spring5\3.0.12.RELEASE\thymeleaf-spring5-3.0.12.RELEASE.jar;D:\Enviroment\maven\mavenRepo\org\thymeleaf\thymeleaf\3.0.12.RELEASE\thymeleaf-3.0.12.RELEASE.jar;D:\Enviroment\maven\mavenRepo\org\attoparser\attoparser\2.0.5.RELEASE\attoparser-2.0.5.RELEASE.jar;D:\Enviroment\maven\mavenRepo\org\unbescape\unbescape\1.1.6.RELEASE\unbescape-1.1.6.RELEASE.jar;D:\Enviroment\maven\mavenRepo\org\thymeleaf\extras\thymeleaf-extras-java8time\3.0.4.RELEASE\thymeleaf-extras-java8time-3.0.4.RELEASE.jar;D:\Enviroment\maven\mavenRepo\org\springframework\boot\spring-boot-starter-web\2.5.6\spring-boot-starter-web-2.5.6.jar;D:\Enviroment\maven\mavenRepo\org\springframework\boot\spring-boot-starter-json\2.5.6\spring-boot-starter-json-2.5.6.jar;D:\Enviroment\maven\mavenRepo\com\fasterxml\jackson\core\jackson-databind\2.12.5\jackson-databind-2.12.5.jar;D:\Enviroment\maven\mavenRepo\com\fasterxml\jackson\core\jackson-core\2.12.5\jackson-core-2.12.5.jar;D:\Enviroment\maven\mavenRepo\com\fasterxml\jackson\datatype\jackson-datatype-jdk8\2.12.5\jackson-datatype-jdk8-2.12.5.jar;D:\Enviroment\maven\mavenRepo\com\fasterxml\jackson\datatype\jackson-datatype-jsr310\2.12.5\jackson-datatype-jsr310-2.12.5.jar;D:\Enviroment\maven\mavenRepo\com\fasterxml\jackson\module\jackson-module-parameter-names\2.12.5\jackson-module-parameter-names-2.12.5.jar;D:\Enviroment\maven\mavenRepo\org\springframework\spring-web\5.3.12\spring-web-5.3.12.jar;D:\Enviroment\maven\mavenRepo\org\springframework\spring-webmvc\5.3.12\spring-webmvc-5.3.12.jar;D:\Enviroment\maven\mavenRepo\org\springframework\spring-aop\5.3.12\spring-aop-5.3.12.jar;D:\Enviroment\maven\mavenRepo\org\springframework\spring-context\5.3.12\spring-context-5.3.12.jar;D:\Enviroment\maven\mavenRepo\org\springframework\spring-expression\5.3.12\spring-expression-5.3.12.jar;D:\Enviroment\maven\mavenRepo\com\baomidou\mybatis-plus-boot-starter\3.0.3\mybatis-plus-boot-starter-3.0.3.jar;D:\Enviroment\maven\mavenRepo\com\baomidou\mybatis-plus\3.0.3\mybatis-plus-3.0.3.jar;D:\Enviroment\maven\mavenRepo\com\baomidou\mybatis-plus-extension\3.0.3\mybatis-plus-extension-3.0.3.jar;D:\Enviroment\maven\mavenRepo\com\baomidou\mybatis-plus-core\3.0.3\mybatis-plus-core-3.0.3.jar;D:\Enviroment\maven\mavenRepo\com\baomidou\mybatis-plus-annotation\3.0.3\mybatis-plus-annotation-3.0.3.jar;D:\Enviroment\maven\mavenRepo\com\baomidou\mybatis-plus-generator\3.0.3\mybatis-plus-generator-3.0.3.jar;D:\Enviroment\maven\mavenRepo\org\springframework\boot\spring-boot-autoconfigure\2.5.6\spring-boot-autoconfigure-2.5.6.jar;D:\Enviroment\maven\mavenRepo\org\springframework\boot\spring-boot-configuration-processor\2.5.6\spring-boot-configuration-processor-2.5.6.jar;D:\Enviroment\maven\mavenRepo\org\mybatis\spring\boot\mybatis-spring-boot-starter\2.1.4\mybatis-spring-boot-starter-2.1.4.jar;D:\Enviroment\maven\mavenRepo\org\mybatis\spring\boot\mybatis-spring-boot-autoconfigure\2.1.4\mybatis-spring-boot-autoconfigure-2.1.4.jar;D:\Enviroment\maven\mavenRepo\org\mybatis\mybatis\3.5.6\mybatis-3.5.6.jar;D:\Enviroment\maven\mavenRepo\org\mybatis\mybatis-spring\2.0.6\mybatis-spring-2.0.6.jar;D:\Enviroment\maven\mavenRepo\com\github\pagehelper\pagehelper-spring-boot-starter\1.2.10\pagehelper-spring-boot-starter-1.2.10.jar;D:\Enviroment\maven\mavenRepo\com\github\pagehelper\pagehelper-spring-boot-autoconfigure\1.2.10\pagehelper-spring-boot-autoconfigure-1.2.10.jar;D:\Enviroment\maven\mavenRepo\com\github\pagehelper\pagehelper\5.1.8\pagehelper-5.1.8.jar;D:\Enviroment\maven\mavenRepo\com\github\jsqlparser\jsqlparser\1.2\jsqlparser-1.2.jar;D:\Enviroment\maven\mavenRepo\org\springframework\boot\spring-boot-devtools\2.5.6\spring-boot-devtools-2.5.6.jar;D:\Enviroment\maven\mavenRepo\org\springframework\boot\spring-boot\2.5.6\spring-boot-2.5.6.jar;D:\Enviroment\maven\mavenRepo\mysql\mysql-connector-java\8.0.27\mysql-connector-java-8.0.27.jar;D:\Enviroment\maven\mavenRepo\org\projectlombok\lombok\1.18.22\lombok-1.18.22.jar;D:\Enviroment\maven\mavenRepo\org\springframework\boot\spring-boot-starter-tomcat\2.5.6\spring-boot-starter-tomcat-2.5.6.jar;D:\Enviroment\maven\mavenRepo\jakarta\annotation\jakarta.annotation-api\1.3.5\jakarta.annotation-api-1.3.5.jar;D:\Enviroment\maven\mavenRepo\org\apache\tomcat\embed\tomcat-embed-core\9.0.54\tomcat-embed-core-9.0.54.jar;D:\Enviroment\maven\mavenRepo\org\apache\tomcat\embed\tomcat-embed-el\9.0.54\tomcat-embed-el-9.0.54.jar;D:\Enviroment\maven\mavenRepo\org\apache\tomcat\embed\tomcat-embed-websocket\9.0.54\tomcat-embed-websocket-9.0.54.jar;D:\Enviroment\maven\mavenRepo\org\springframework\boot\spring-boot-starter-test\2.5.6\spring-boot-starter-test-2.5.6.jar;D:\Enviroment\maven\mavenRepo\org\springframework\boot\spring-boot-test\2.5.6\spring-boot-test-2.5.6.jar;D:\Enviroment\maven\mavenRepo\org\springframework\boot\spring-boot-test-autoconfigure\2.5.6\spring-boot-test-autoconfigure-2.5.6.jar;D:\Enviroment\maven\mavenRepo\com\jayway\jsonpath\json-path\2.5.0\json-path-2.5.0.jar;D:\Enviroment\maven\mavenRepo\net\minidev\json-smart\2.4.7\json-smart-2.4.7.jar;D:\Enviroment\maven\mavenRepo\net\minidev\accessors-smart\2.4.7\accessors-smart-2.4.7.jar;D:\Enviroment\maven\mavenRepo\org\ow2\asm\asm\9.1\asm-9.1.jar;D:\Enviroment\maven\mavenRepo\jakarta\xml\bind\jakarta.xml.bind-api\2.3.3\jakarta.xml.bind-api-2.3.3.jar;D:\Enviroment\maven\mavenRepo\jakarta\activation\jakarta.activation-api\1.2.2\jakarta.activation-api-1.2.2.jar;D:\Enviroment\maven\mavenRepo\org\assertj\assertj-core\3.19.0\assertj-core-3.19.0.jar;D:\Enviroment\maven\mavenRepo\org\hamcrest\hamcrest\2.2\hamcrest-2.2.jar;D:\Enviroment\maven\mavenRepo\org\junit\jupiter\junit-jupiter\5.7.2\junit-jupiter-5.7.2.jar;D:\Enviroment\maven\mavenRepo\org\junit\jupiter\junit-jupiter-api\5.7.2\junit-jupiter-api-5.7.2.jar;D:\Enviroment\maven\mavenRepo\org\apiguardian\apiguardian-api\1.1.0\apiguardian-api-1.1.0.jar;D:\Enviroment\maven\mavenRepo\org\opentest4j\opentest4j\1.2.0\opentest4j-1.2.0.jar;D:\Enviroment\maven\mavenRepo\org\junit\platform\junit-platform-commons\1.7.2\junit-platform-commons-1.7.2.jar;D:\Enviroment\maven\mavenRepo\org\junit\jupiter\junit-jupiter-params\5.7.2\junit-jupiter-params-5.7.2.jar;D:\Enviroment\maven\mavenRepo\org\junit\jupiter\junit-jupiter-engine\5.7.2\junit-jupiter-engine-5.7.2.jar;D:\Enviroment\maven\mavenRepo\org\junit\platform\junit-platform-engine\1.7.2\junit-platform-engine-1.7.2.jar;D:\Enviroment\maven\mavenRepo\org\mockito\mockito-core\3.9.0\mockito-core-3.9.0.jar;D:\Enviroment\maven\mavenRepo\net\bytebuddy\byte-buddy\1.10.22\byte-buddy-1.10.22.jar;D:\Enviroment\maven\mavenRepo\net\bytebuddy\byte-buddy-agent\1.10.22\byte-buddy-agent-1.10.22.jar;D:\Enviroment\maven\mavenRepo\org\objenesis\objenesis\3.2\objenesis-3.2.jar;D:\Enviroment\maven\mavenRepo\org\mockito\mockito-junit-jupiter\3.9.0\mockito-junit-jupiter-3.9.0.jar;D:\Enviroment\maven\mavenRepo\org\skyscreamer\jsonassert\1.5.0\jsonassert-1.5.0.jar;D:\Enviroment\maven\mavenRepo\com\vaadin\external\google\android-json\0.0.20131108.vaadin1\android-json-0.0.20131108.vaadin1.jar;D:\Enviroment\maven\mavenRepo\org\springframework\spring-core\5.3.12\spring-core-5.3.12.jar;D:\Enviroment\maven\mavenRepo\org\springframework\spring-jcl\5.3.12\spring-jcl-5.3.12.jar;D:\Enviroment\maven\mavenRepo\org\springframework\spring-test\5.3.12\spring-test-5.3.12.jar;D:\Enviroment\maven\mavenRepo\org\xmlunit\xmlunit-core\2.8.3\xmlunit-core-2.8.3.jar;D:\Enviroment\maven\mavenRepo\com\alibaba\fastjson\1.2.75\fastjson-1.2.75.jar;D:\Enviroment\maven\mavenRepo\io\springfox\springfox-swagger2\2.9.2\springfox-swagger2-2.9.2.jar;D:\Enviroment\maven\mavenRepo\io\swagger\swagger-annotations\1.5.20\swagger-annotations-1.5.20.jar;D:\Enviroment\maven\mavenRepo\io\swagger\swagger-models\1.5.20\swagger-models-1.5.20.jar;D:\Enviroment\maven\mavenRepo\com\fasterxml\jackson\core\jackson-annotations\2.12.5\jackson-annotations-2.12.5.jar;D:\Enviroment\maven\mavenRepo\io\springfox\springfox-spi\2.9.2\springfox-spi-2.9.2.jar;D:\Enviroment\maven\mavenRepo\io\springfox\springfox-core\2.9.2\springfox-core-2.9.2.jar;D:\Enviroment\maven\mavenRepo\io\springfox\springfox-schema\2.9.2\springfox-schema-2.9.2.jar;D:\Enviroment\maven\mavenRepo\io\springfox\springfox-swagger-common\2.9.2\springfox-swagger-common-2.9.2.jar;D:\Enviroment\maven\mavenRepo\io\springfox\springfox-spring-web\2.9.2\springfox-spring-web-2.9.2.jar;D:\Enviroment\maven\mavenRepo\com\google\guava\guava\20.0\guava-20.0.jar;D:\Enviroment\maven\mavenRepo\com\fasterxml\classmate\1.5.1\classmate-1.5.1.jar;D:\Enviroment\maven\mavenRepo\org\slf4j\slf4j-api\1.7.32\slf4j-api-1.7.32.jar;D:\Enviroment\maven\mavenRepo\org\springframework\plugin\spring-plugin-core\1.2.0.RELEASE\spring-plugin-core-1.2.0.RELEASE.jar;D:\Enviroment\maven\mavenRepo\org\springframework\plugin\spring-plugin-metadata\1.2.0.RELEASE\spring-plugin-metadata-1.2.0.RELEASE.jar;D:\Enviroment\maven\mavenRepo\org\mapstruct\mapstruct\1.2.0.Final\mapstruct-1.2.0.Final.jar;D:\Enviroment\maven\mavenRepo\io\springfox\springfox-swagger-ui\2.9.2\springfox-swagger-ui-2.9.2.jar;D:\Enviroment\maven\mavenRepo\org\apache\poi\poi\3.9\poi-3.9.jar;D:\Enviroment\maven\mavenRepo\commons-codec\commons-codec\1.15\commons-codec-1.15.jar;D:\Enviroment\maven\mavenRepo\org\apache\poi\poi-ooxml\3.9\poi-ooxml-3.9.jar;D:\Enviroment\maven\mavenRepo\org\apache\poi\poi-ooxml-schemas\3.9\poi-ooxml-schemas-3.9.jar;D:\Enviroment\maven\mavenRepo\org\apache\xmlbeans\xmlbeans\2.3.0\xmlbeans-2.3.0.jar;D:\Enviroment\maven\mavenRepo\stax\stax-api\1.0.1\stax-api-1.0.1.jar;D:\Enviroment\maven\mavenRepo\dom4j\dom4j\1.6.1\dom4j-1.6.1.jar;D:\Enviroment\maven\mavenRepo\xml-apis\xml-apis\1.0.b2\xml-apis-1.0.b2.jar;D:\Enviroment\maven\mavenRepo\org\jumpmind\symmetric\symmetric-csv\3.5.19\symmetric-csv-3.5.19.jar;D:\Enviroment\maven\mavenRepo\joda-time\joda-time\2.10.1\joda-time-2.10.1.jar;"/>
    <property name="sun.cpu.endian" value="little"/>
    <property name="user.home" value="C:\Users\long"/>
    <property name="user.language" value="zh"/>
    <property name="java.specification.vendor" value="Oracle Corporation"/>
    <property name="java.home" value="D:\Enviroment\JDK1.8\jre"/>
    <property name="basedir" value="E:\IdeaProjects\Tunnel"/>
    <property name="file.separator" value="\"/>
    <property name="line.separator" value="&#10;"/>
    <property name="java.vm.specification.vendor" value="Oracle Corporation"/>
    <property name="java.specification.name" value="Java Platform API Specification"/>
    <property name="java.awt.graphicsenv" value="sun.awt.Win32GraphicsEnvironment"/>
    <property name="surefire.real.class.path" value="C:\Users\long\AppData\Local\Temp\surefire1285187077603257337\surefirebooter2295447606508749870.jar"/>
    <property name="sun.boot.class.path" value="D:\Enviroment\JDK1.8\jre\lib\resources.jar;D:\Enviroment\JDK1.8\jre\lib\rt.jar;D:\Enviroment\JDK1.8\jre\lib\sunrsasign.jar;D:\Enviroment\JDK1.8\jre\lib\jsse.jar;D:\Enviroment\JDK1.8\jre\lib\jce.jar;D:\Enviroment\JDK1.8\jre\lib\charsets.jar;D:\Enviroment\JDK1.8\jre\lib\jfr.jar;D:\Enviroment\JDK1.8\jre\classes"/>
    <property name="user.script" value=""/>
    <property name="sun.management.compiler" value="HotSpot 64-Bit Tiered Compilers"/>
    <property name="java.runtime.version" value="1.8.0_321-b07"/>
    <property name="user.name" value="long"/>
    <property name="path.separator" value=";"/>
    <property name="os.version" value="10.0"/>
    <property name="java.endorsed.dirs" value="D:\Enviroment\JDK1.8\jre\lib\endorsed"/>
    <property name="java.runtime.name" value="Java(TM) SE Runtime Environment"/>
    <property name="file.encoding" value="GBK"/>
    <property name="java.vm.name" value="Java HotSpot(TM) 64-Bit Server VM"/>
    <property name="localRepository" value="D:\Enviroment\maven\mavenRepo"/>
    <property name="java.vendor.url.bug" value="http://bugreport.sun.com/bugreport/"/>
    <property name="java.io.tmpdir" value="C:\Users\long\AppData\Local\Temp\"/>
    <property name="idea.version" value="2021.3.3"/>
    <property name="java.version" value="1.8.0_321"/>
    <property name="user.dir" value="E:\IdeaProjects\Tunnel"/>
    <property name="os.arch" value="amd64"/>
    <property name="java.vm.specification.name" value="Java Virtual Machine Specification"/>
    <property name="java.awt.printerjob" value="sun.awt.windows.WPrinterJob"/>
    <property name="sun.os.patch.level" value=""/>
    <property name="java.library.path" value="D:\Enviroment\JDK1.8\jre\bin;C:\Windows\Sun\Java\bin;C:\Windows\system32;C:\Windows;D:\Enviroment\Anaconda\condabin;C:\Program Files\NVIDIA GPU Computing Toolkit\CUDA\v10.0\bin;C:\Program Files\NVIDIA GPU Computing Toolkit\CUDA\v10.0\libnvvp;D:\Program Files (x86)\VMware\VMware Workstation\bin\;C:\Windows\system32;C:\Windows;C:\Windows\System32\Wbem;C:\Windows\System32\WindowsPowerShell\v1.0\;C:\Windows\System32\OpenSSH\;C:\Program Files (x86)\NVIDIA Corporation\PhysX\Common;C:\Program Files\NVIDIA Corporation\NVIDIA NvDLISR;D:\Enviroment\maven\apache-maven-3.8.5\bin;D:\Enviroment\nodejs\;C:\Program Files\dotnet\;D:\Softwore\LxRunOffline;C:\Program Files\Docker\Docker\resources\bin;C:\ProgramData\DockerDesktop\version-bin;D:\Enviroment\Anaconda\Scripts;C:\Program Files (x86)\GtkSharp\2.12\bin;D:\Enviroment\Python27;D:\Enviroment\Python27\Scripts;D:\Enviroment\JDK1.6\bin;C:\Program Files\NVIDIA GPU Computing Toolkit\CUDA\v10.0;C:\Program Files\NVIDIA GPU Computing Toolkit\CUDA\v10.0\lib;C:\Program Files\NVIDIA GPU Computing Toolkit\CUDA\v10.0\include;C:\Program Files\NVIDIA GPU Computing Toolkit\CUDA\v10.0\lib\x64;C:\Program Files\NVIDIA GPU Computing Toolkit\CUDA\v10.0\bin;C:\Program Files\NVIDIA GPU Computing Toolkit\CUDA\v10.0\libnvvp;E:\Software\chromedriver;E:\Software\Cocos\frameworks\cocos2d-x-3.9\tools\cocos2d-console\bin;D:\Users\long\AppData\Local\Programs\Python\Python38\Scripts\;D:\Users\long\AppData\Local\Programs\Python\Python38\;C:\Users\long\AppData\Local\Microsoft\WindowsApps;D:\Users\long\AppData\Local\Programs\Microsoft VS Code\bin;C:\Users\long\AppData\Roaming\npm;C:\Users\long\.dotnet\tools;E:\Software\Cocos\tools\Python27;."/>
    <property name="java.vm.info" value="mixed mode"/>
    <property name="java.vendor" value="Oracle Corporation"/>
    <property name="java.vm.version" value="25.321-b07"/>
    <property name="java.ext.dirs" value="D:\Enviroment\JDK1.8\jre\lib\ext;C:\Windows\Sun\Java\lib\ext"/>
    <property name="sun.io.unicode.encoding" value="UnicodeLittle"/>
    <property name="java.class.version" value="52.0"/>
  </properties>
  <testcase name="contextLoads" classname="tk.snow.tunnel.CvprApisApplicationTests" time="0.122"/>
</testsuite>